<?xml version="1.0" encoding="UTF-8"?>
<testng-results skipped="0" failed="0" ignored="0" total="1" passed="1">
  <reporter-output>
  </reporter-output>
  <suite name="Default suite" duration-ms="82443" started-at="2020-03-11T13:29:56Z" finished-at="2020-03-11T13:31:19Z">
    <groups>
    </groups>
    <test name="Default test" duration-ms="82443" started-at="2020-03-11T13:29:56Z" finished-at="2020-03-11T13:31:19Z">
      <class name="com.test.Execute">
        <test-method status="PASS" signature="excecutr1()[pri:0, instance:com.test.Execute@56ac3a89]" name="excecutr1" duration-ms="82351" started-at="2020-03-11T13:29:56Z" finished-at="2020-03-11T13:31:19Z">
          <reporter-output>
          </reporter-output>
        </test-method> <!-- excecutr1 -->
      </class> <!-- com.test.Execute -->
    </test> <!-- Default test -->
  </suite> <!-- Default suite -->
</testng-results>
